<?xml version="1.0" encoding="UTF-8"?>
<!-- Generated by org.testng.reporters.JUnitXMLReporter -->
<testsuite ignored="0" hostname="Sajans-MacBook-Air.local" failures="1" tests="4" name="PetTest" time="8.608" errors="0" timestamp="2025-08-04T21:57:40 IST">
  <testcase classname="api.tests.userTest" name="postUser" time="2.199"/>
  <testcase classname="api.tests.userTest" name="getUser" time="1.535">
    <failure type="java.lang.AssertionError" message="expected:&amp;lt;404&amp;gt; but was:&amp;lt;200&amp;gt;">
      <![CDATA[java.lang.AssertionError: expected:<404> but was:<200>
at api.tests.userTest.getUser(userTest.java:59)
at java.base/java.util.ArrayList.forEach(ArrayList.java:1596)
... Removed 30 stack frames]]>
    </failure>
  </testcase> <!-- getUser -->
  <testcase classname="api.tests.userTest" name="updateUser" time="2.96"/>
  <testcase classname="api.tests.userTest" name="deleteUser" time="1.488"/>
</testsuite> <!-- PetTest -->
